[10:28:32] [ServerMain/INFO]: Environment: Environment[sessionHost=https://sessionserver.mojang.com, servicesHost=https://api.minecraftservices.com, name=PROD]
[10:28:34] [ServerMain/INFO]: Loaded 7 recipes
[10:28:34] [ServerMain/INFO]: Loaded 1271 advancements
[10:28:34] [Server thread/INFO]: Starting minecraft server version 1.20.4
[10:28:34] [Server thread/INFO]: Loading properties
[10:28:34] [Server thread/INFO]: Default game type: SURVIVAL
[10:28:34] [Server thread/INFO]: Generating keypair
[10:28:34] [Server thread/INFO]: Starting Minecraft server on *:25565
[10:28:34] [Server thread/INFO]: Using epoll channel type
[10:28:34] [Server thread/WARN]: **** SERVER IS RUNNING IN OFFLINE/INSECURE MODE!
[10:28:34] [Server thread/WARN]: The server will make no attempt to authenticate usernames. Beware.
[10:28:34] [Server thread/WARN]: While this makes the game possible to play without internet access, it also opens up the ability for hackers to connect with any username they choose.
[10:28:34] [Server thread/WARN]: To change this, set "online-mode" to "true" in the server.properties file.
[10:28:34] [Server thread/INFO]: Preparing level "world"
[10:28:36] [Server thread/INFO]: Preparing start region for dimension minecraft:overworld
[10:28:38] [Worker-Main-14/INFO]: Preparing spawn area: 0%
[10:28:38] [Worker-Main-14/INFO]: Preparing spawn area: 0%
[10:28:38] [Worker-Main-12/INFO]: Preparing spawn area: 0%
[10:28:38] [Worker-Main-11/INFO]: Preparing spawn area: 0%
[10:28:38] [Worker-Main-12/INFO]: Preparing spawn area: 0%
[10:28:38] [Worker-Main-11/INFO]: Preparing spawn area: 4%
[10:28:39] [Worker-Main-14/INFO]: Preparing spawn area: 54%
[10:28:39] [Worker-Main-9/INFO]: Preparing spawn area: 82%
[10:28:40] [Worker-Main-1/INFO]: Preparing spawn area: 94%
[10:28:40] [Server thread/INFO]: Time elapsed: 4305 ms
[10:28:40] [Server thread/INFO]: Done (5.562s)! For help, type "help"
